Removed Pin From Net: NetName=AGND Pin=P2-1
Removed Pin From Net: NetName=IO0 Pin=P2-2
Removed Member From Class: ClassName=MCU Member=P2
Change Component Designator: OldDesignator=EN NewDesignator=S3
Added Component: Designator=S9(TE FSM4JSMA)
Add component (AddParameter): Name = "Actuator Height off PCB, Vertical"; Value = "5.00mm"; VariantName = "[No Variations]"
Add component (AddParameter): Name = "Actuator Orientation"; Value = "Top Actuated"; VariantName = "[No Variations]"
Add component (AddParameter): Name = "Actuator Type"; Value = "Standard"; VariantName = "[No Variations]"
Add component (AddParameter): Name = "Circuit"; Value = "SPST-NO"; VariantName = "[No Variations]"
Add component (AddParameter): Name = "ComponentLink1Description"; Value = "Datasheet"; VariantName = "[No Variations]"
Add component (AddParameter): Name = "ComponentLink1URL"; Value = "https://www.te.com/commerce/DocumentDelivery/DDEController?Action=srchrtrv&DocNm=1308111-1_SWITCHES_CORE_PROGRAM_CATALOG&DocType=CS&DocLang=English"; VariantName = "[No Variations]"
Add component (AddParameter): Name = "ComponentLink2Description"; Value = "DigiKey Link"; VariantName = "[No Variations]"
Add component (AddParameter): Name = "ComponentLink2URL"; Value = "http://digikey.com/product-detail/en/te-connectivity-alcoswitch-switches/1977223-9/1977223-9-ND/5597033"; VariantName = "[No Variations]"
Add component (AddParameter): Name = "Contact Rating @ Voltage"; Value = "0.05A @ 24VDC"; VariantName = "[No Variations]"
Add component (AddParameter): Name = "LastUpdated"; Value = "30.08.2020 21:06:45"; VariantName = "[No Variations]"
Add component (AddParameter): Name = "Lifecycle Status"; Value = "Active"; VariantName = "[No Variations]"
Add component (AddParameter): Name = "Manufacturer"; Value = "TE Connectivity ALCOSWITCH Switches"; VariantName = "[No Variations]"
Add component (AddParameter): Name = "Minimum Order"; Value = "30000"; VariantName = "[No Variations]"
Add component (AddParameter): Name = "Mounting Type"; Value = "Surface Mount"; VariantName = "[No Variations]"
Add component (AddParameter): Name = "Operating Force"; Value = "160gf"; VariantName = "[No Variations]"
Add component (AddParameter): Name = "Outline"; Value = "6.00mm x 6.00mm"; VariantName = "[No Variations]"
Add component (AddParameter): Name = "Packaging"; Value = "Bulk"; VariantName = "[No Variations]"
Add component (AddParameter): Name = "Part Number"; Value = "1977223-9"; VariantName = "[No Variations]"
Add component (AddParameter): Name = "Price"; Value = "0.16"; VariantName = "[No Variations]"
Add component (AddParameter): Name = "Series"; Value = "FSMJSMA"; VariantName = "[No Variations]"
Add component (AddParameter): Name = "Supplier 1"; Value = "DigiKey"; VariantName = "[No Variations]"
Add component (AddParameter): Name = "Supplier Part Number 1"; Value = "1977223-9-ND"; VariantName = "[No Variations]"
Add component (AddParameter): Name = "Switch Function"; Value = "Off-Mom"; VariantName = "[No Variations]"
Add component (AddParameter): Name = "Termination Style"; Value = "Gull Wing"; VariantName = "[No Variations]"
Add component (AddParameter): Name = "Illumination"; Value = "Non-Illuminated"; VariantName = "[No Variations]"
Added Pin To Net: NetName=IO0 Pin=S9-1
Added Pin To Net: NetName=IO0 Pin=S9-2
Added Pin To Net: NetName=AGND Pin=S9-3
Added Pin To Net: NetName=AGND Pin=S9-4
Added Member To Class: ClassName=MCU Member=Component S9 1977223-9
Added Member To Class: ClassName=AC/DC Member=Component TF1 PLY10AN1430R5R2B
Added Room: Name=1S/2S BAT CHG
Added Room: Name=AC/DC
Added Room: Name=INPUT POWER
