Removed Pin From Net: NetName=AGND Pin=J2-1
Removed Pin From Net: NetName=ACP Pin=J2-2
Removed Pin From Net: NetName=N Pin=J2-4
Removed Pin From Net: NetName=Phase Pin=J2-5
Change Component Footprint: Designator=J2 Old Footprint=BARRIER STRIP New Footprint=TE 282834-5
Change Component Comment : Designator=J2 Old Comment=8-1437652-5 New Comment=282834-5
Change component parameters: Designator = "J2" ("J2"); Footprint = "BARRIER STRIP"; UniqueID = "\ECQSNGUC\SKYPGYTD" ("\ECQSNGUC\SKYPGYTD")
Change component parameters (AddParameter): Name = "Color"; Value = "Green"; VariantName = "[No Variations]"
Change component parameters (AddParameter): Name = "ComponentLink1Description"; Value = "Datasheet"; VariantName = "[No Variations]"
Change component parameters (AddParameter): Name = "ComponentLink1URL"; Value = "https://www.te.com/commerce/DocumentDelivery/DDEController?Action=srchrtrv&DocNm=282834&DocType=Customer+Drawing&DocLang=English"; VariantName = "[No Variations]"
Change component parameters (AddParameter): Name = "ComponentLink2Description"; Value = "DigiKey Link"; VariantName = "[No Variations]"
Change component parameters (AddParameter): Name = "ComponentLink2URL"; Value = "http://digikey.com/product-detail/en/te-connectivity-amp-connectors/282834-5/A98336-ND/1153266"; VariantName = "[No Variations]"
Change component parameters (AddParameter): Name = "Current"; Value = "10A"; VariantName = "[No Variations]"
Change component parameters (AddParameter): Name = "LastUpdated"; Value = "15.01.2020 04:16:19"; VariantName = "[No Variations]"
Change component parameters (AddParameter): Name = "Lifecycle Status"; Value = "Active"; VariantName = "[No Variations]"
Change component parameters (AddParameter): Name = "Manufacturer"; Value = "TE Connectivity AMP Connectors"; VariantName = "[No Variations]"
Change component parameters (AddParameter): Name = "Mating Orientation"; Value = "Horizontal with Board"; VariantName = "[No Variations]"
Change component parameters (AddParameter): Name = "Minimum Order"; Value = "1"; VariantName = "[No Variations]"
Change component parameters (AddParameter): Name = "Mounting Type"; Value = "Through Hole"; VariantName = "[No Variations]"
Change component parameters (AddParameter): Name = "Number of Levels"; Value = "1"; VariantName = "[No Variations]"
Change component parameters (AddParameter): Name = "Packaging"; Value = "Bulk"; VariantName = "[No Variations]"
Change component parameters (AddParameter): Name = "Part Number"; Value = "282834-5"; VariantName = "[No Variations]"
Change component parameters (AddParameter): Name = "Part Status"; Value = "Active"; VariantName = "[No Variations]"
Change component parameters (AddParameter): Name = "Pitch"; Value = "0.100" (2.54mm)"; VariantName = "[No Variations]"
Change component parameters (AddParameter): Name = "Positions Per Level"; Value = "5"; VariantName = "[No Variations]"
Change component parameters (AddParameter): Name = "Price"; Value = "2.99"; VariantName = "[No Variations]"
Change component parameters (AddParameter): Name = "Series"; Value = "Buchanan"; VariantName = "[No Variations]"
Change component parameters (AddParameter): Name = "Supplier 1"; Value = "DigiKey"; VariantName = "[No Variations]"
Change component parameters (AddParameter): Name = "Supplier Part Number 1"; Value = "A98336-ND"; VariantName = "[No Variations]"
Change component parameters (AddParameter): Name = "Voltage"; Value = "150V"; VariantName = "[No Variations]"
Change component parameters (AddParameter): Name = "Wire Gauge"; Value = "16-30 AWG"; VariantName = "[No Variations]"
Change component parameters (AddParameter): Name = "Wire Termination"; Value = "Screw - Rising Cage Clamp"; VariantName = "[No Variations]"
Added Pin To Net: NetName=Phase Pin=J2-1
Added Pin To Net: NetName=N Pin=J2-2
Added Pin To Net: NetName=ACP Pin=J2-4
Added Pin To Net: NetName=AGND Pin=J2-5
